A51 MACRO ASSEMBLER  PAM_4                                                                02/17/2021 14:11:31 PAGE     1


MACRO ASSEMBLER A51 V8.2.7.0
OBJECT MODULE PLACED IN .\Objects\PAM_4.obj
ASSEMBLER INVOKED BY: C:\Keil_v5\C51\BIN\A51.EXE PAM_4.asm SET(SMALL) DEBUG PRINT(.\Listings\PAM_4.lst) OBJECT(.\Objects
                      \PAM_4.obj) EP

LOC  OBJ            LINE     SOURCE

                       1     ; This subroutine writes characters on the LCD
  00A0                 2     LCD_data equ P2    ;LCD Data port
  0080                 3     LCD_rs   equ P0.0  ;LCD Register Select
  0081                 4     LCD_rw   equ P0.1  ;LCD Read/Write
  0082                 5     LCD_en   equ P0.2  ;LCD Enable
                       6     
0000                   7     org 00H
0000 020100            8     ljmp START
                       9     
0100                  10     org 100H
0100                  11             START:
                      12             
0100 7570AB           13             MOV 70H,#0ABH
0103 7571CD           14             MOV 71H,#0CDH
                      15             
                      16             
0106 79C3             17             MOV R1,#0C3H
0108 7850             18             MOV R0,#50H     
010A 5100             19             ACALL COMPLEMENT_2
                      20             
                      21             
                      22             
010C E570             23             MOV A, 70H
010E 540F             24             ANL A, #0FH
0110 FC               25             MOV R4, A
0111 E570             26             MOV A, 70H
0113 54F0             27             ANL A, #0F0H
0115 03               28             RR A
0116 03               29             RR A
0117 03               30             RR A
0118 03               31             RR A
0119 FD               32             MOV R5, A
011A E571             33             MOV A, 71H
011C 540F             34             ANL A, #0FH
011E FE               35             MOV R6, A
011F E571             36             MOV A, 71H
0121 54F0             37             ANL A, #0F0H
0123 03               38             RR A
0124 03               39             RR A
0125 03               40             RR A
0126 03               41             RR A
0127 FF               42             MOV R7, A       
                      43             
                      44             ; Initial delay for LCD to power up
0128 7A0A             45             MOV R2,#10D
012A 7100             46             H1: ACALL DELAY
012C DAFC             47             DJNZ R2, H1
                      48             
012E B100             49             ACALL lcd_init; Initialise LCD
0130 7A0A             50             MOV R2,#10D
0132 7100             51             H2: ACALL DELAY
0134 DAFC             52             DJNZ R2, H2
                      53     
0136                  54     PAM:
                      55     
                      56     
0136 8CB0             57             MOV P3, R4  
A51 MACRO ASSEMBLER  PAM_4                                                                02/17/2021 14:11:31 PAGE     2

                      58             
                      59             
0138 7482             60             MOV A, #82H
013A B13D             61             ACALL lcd_command
013C 7100             62             ACALL DELAY
013E 90056B           63             MOV DPTR, #my_string1
0141 B15D             64             ACALL lcd_sendstring
0143 7100             65             ACALL DELAY
                      66     
0145 EC               67             MOV A, R4
0146 FB               68             MOV R3, A
0147 9100             69             ACALL DISP      
                      70             
                      71     
0149 7A28             72             MOV R2,#40d     
014B 7100             73     H3: ACALL DELAY
014D DAFC             74             DJNZ R2, H3
                      75     
                      76     
014F 7401             77             MOV A, #01H
0151 B13D             78             ACALL lcd_command
0153 7100             79             ACALL DELAY
                      80     
0155 8DB0             81             MOV P3, R5  
                      82             
                      83             
0157 7482             84             MOV A, #82H
0159 B13D             85             ACALL lcd_command
015B 7100             86             ACALL DELAY
015D 900576           87             MOV DPTR, #my_string2
0160 B15D             88             ACALL lcd_sendstring
0162 7100             89             ACALL DELAY
                      90             
0164 ED               91             MOV A, R5
0165 FB               92             MOV R3, A
                      93             
0166 9100             94             ACALL DISP      
                      95             
                      96     
0168 7A28             97             MOV R2,#40d     
016A 7100             98     H4: ACALL DELAY
016C DAFC             99             DJNZ R2, H4
                     100     
                     101     
016E 7401            102             MOV A, #01H
0170 B13D            103             ACALL lcd_command
0172 7100            104             ACALL DELAY
                     105     
                     106     
0174 8EB0            107             MOV P3, R6  
                     108             
                     109             
0176 7482            110             MOV A, #82H
0178 B13D            111             ACALL lcd_command
017A 7100            112             ACALL DELAY
017C 900581          113             MOV DPTR, #my_string3
017F B15D            114             ACALL lcd_sendstring
0181 7100            115             ACALL DELAY
                     116             
0183 EE              117             MOV A, R6
0184 FB              118             MOV R3, A
                     119             
0185 9100            120             ACALL DISP      
                     121             
                     122     
0187 7A28            123             MOV R2,#40d     
A51 MACRO ASSEMBLER  PAM_4                                                                02/17/2021 14:11:31 PAGE     3

0189 7100            124     H5: ACALL DELAY
018B DAFC            125             DJNZ R2, H5
                     126     
                     127     
018D 7401            128             MOV A, #01H
018F B13D            129             ACALL lcd_command
0191 7100            130             ACALL DELAY
                     131     
                     132     
0193 8FB0            133             MOV P3, R7  
                     134             
                     135             
0195 7482            136             MOV A, #82H
0197 B13D            137             ACALL lcd_command
0199 7100            138             ACALL DELAY
019B 90058C          139             MOV DPTR, #my_string4
019E B15D            140             ACALL lcd_sendstring
01A0 7100            141             ACALL DELAY
                     142             
01A2 EF              143             MOV A, R7
01A3 FB              144             MOV R3, A
                     145             
01A4 9100            146             ACALL DISP      
                     147             
                     148     
01A6 7A28            149             MOV R2,#40d     
01A8 7100            150     H6: ACALL DELAY
01AA DAFC            151             DJNZ R2, H6
                     152     
                     153             
01AC 7401            154             MOV A, #01H
01AE B13D            155             ACALL lcd_command
01B0 7100            156             ACALL DELAY
                     157     
01B2 020136          158             LJMP PAM
                     159             
                     160     
                     161     ;------------------------2's complement subrouitne-----------------------------------------
                             -------------
0200                 162     org 200H
0200                 163             COMPLEMENT_2:
0200 E9              164             MOV A, R1
0201 F4              165             CPL A
0202 F9              166             MOV R1, A       
0203 E8              167             MOV A, R0
0204 F4              168             CPL A
0205 2401            169             ADD A, #01H
0207 F8              170             MOV R0, A
0208 E9              171             MOV A, R1
0209 3400            172             ADDC A,#00H
020B F9              173             MOV R1, A
                     174             
020C 22              175             RET
                     176     
0300                 177     org 300H
                     178     ;------------------------Delay subrouitne -------------------------------------------------
                             ------------
0300                 179             DELAY:
0300 758901          180             MOV TMOD, #01b
0303 888A            181             MOV TL0, R0
0305 898C            182             MOV TH0, R1
0307 D28C            183             SETB TR0
0309 308DFD          184     Loop:JNB TF0, Loop
030C C28C            185             CLR TR0
030E C28D            186             CLR TF0
0310 22              187             RET     
A51 MACRO ASSEMBLER  PAM_4                                                                02/17/2021 14:11:31 PAGE     4

0311 80FE            188             k: sjmp k
                     189     
                     190     
0400                 191     org 400H
                     192     ;------------------------Display subrouitne -----------------------------------------------
                             ------------
0400                 193     DISP:
0400 74C4            194             MOV A,#0C4H
0402 B13D            195             ACALL lcd_command
0404 7100            196             ACALL DELAY
                     197                     
                     198             
0406 EB              199             MOV A, R3
0407 03              200             RR A
0408 03              201             RR A
0409 03              202             RR A
040A 5401            203             ANL A,#01H
040C 2430            204             ADD A, #30H
040E B14C            205             ACALL lcd_senddata
0410 7100            206             ACALL DELAY
                     207             
                     208     
                     209             
0412 EB              210             MOV A, R3
0413 03              211             RR A
0414 03              212             RR A
0415 5401            213             ANL A,#01H
0417 2430            214             ADD A, #30H
0419 B14C            215             ACALL lcd_senddata
041B 7100            216             ACALL DELAY
                     217             
                     218             
                     219             
041D EB              220             MOV A, R3
041E 03              221             RR A
041F 5401            222             ANL A,#01H
0421 2430            223             ADD A, #30H
0423 B14C            224             ACALL lcd_senddata
0425 7100            225             ACALL DELAY
                     226             
                     227             
0427 EB              228             MOV A, R3
0428 5401            229             ANL A, #01H
042A 2430            230             ADD A, #30H
042C B14C            231             ACALL lcd_senddata
042E 7100            232             ACALL DELAY
                     233             
0430 22              234             RET
                     235             
                     236             
                     237             
0500                 238     org 500H
                     239     ;------------------------LCD Initialisation routine----------------------------------------
                             ------------
0500                 240     lcd_init:
0500 75A038          241              mov   LCD_data,#38H  ;Function set: 2 Line, 8-bit, 5x7 dots
0503 C280            242              clr   LCD_rs         ;Selected command register
0505 C281            243              clr   LCD_rw         ;We are writing in instruction register
0507 D282            244              setb  LCD_en         ;Enable H->L
0509 7100            245                      acall delay
050B C282            246              clr   LCD_en
050D 7100            247                  acall delay
                     248     
050F 75A00C          249              mov   LCD_data,#0CH  ;Display on, Curson off
0512 C280            250              clr   LCD_rs         ;Selected instruction register
0514 C281            251              clr   LCD_rw         ;We are writing in instruction register
A51 MACRO ASSEMBLER  PAM_4                                                                02/17/2021 14:11:31 PAGE     5

0516 D282            252              setb  LCD_en         ;Enable H->L
0518 7100            253                      acall delay
051A C282            254              clr   LCD_en
                     255              
051C 7100            256                      acall delay
051E 75A001          257              mov   LCD_data,#01H  ;Clear LCD
0521 C280            258              clr   LCD_rs         ;Selected command register
0523 C281            259              clr   LCD_rw         ;We are writing in instruction register
0525 D282            260              setb  LCD_en         ;Enable H->L
0527 7100            261                      acall delay
0529 C282            262              clr   LCD_en
                     263              
052B 7100            264                      acall delay
                     265     
052D 75A006          266              mov   LCD_data,#06H  ;Entry mode, auto increment with no shift
0530 C280            267              clr   LCD_rs         ;Selected command register
0532 C281            268              clr   LCD_rw         ;We are writing in instruction register
0534 D282            269              setb  LCD_en         ;Enable H->L
0536 7100            270                      acall delay
0538 C282            271              clr   LCD_en
                     272     
053A 7100            273                      acall delay
                     274              
053C 22              275              ret                  ;Return from routine
                     276     
                     277     
                     278     ;-----------------------command sending routine-------------------------------------
053D                 279      lcd_command:
053D F5A0            280              mov   LCD_data,A     ;Move the command to LCD port
053F C280            281              clr   LCD_rs         ;Selected command register
0541 C281            282              clr   LCD_rw         ;We are writing in instruction register
0543 D282            283              setb  LCD_en         ;Enable H->L
0545 7100            284                      acall delay
0547 C282            285              clr   LCD_en
0549 7100            286                      acall delay
                     287         
054B 22              288              ret  
                     289     ;-----------------------data sending routine-------------------------------------          
                                       
054C                 290      lcd_senddata:
054C F5A0            291              mov   LCD_data,A     ;Move the command to LCD port
054E D280            292              setb  LCD_rs         ;Selected data register
0550 C281            293              clr   LCD_rw         ;We are writing
0552 D282            294              setb  LCD_en         ;Enable H->L
0554 7100            295                      acall delay
0556 C282            296              clr   LCD_en
0558 7100            297              acall delay
055A 7100            298                      acall delay
055C 22              299              ret                  ;Return from busy routine
                     300     
                     301     ;-----------------------text strings sending routine-------------------------------------
055D                 302     lcd_sendstring:
055D C0E0            303             push 0e0h
055F                 304             lcd_sendstring_loop:
055F E4              305                      clr   a                 ;clear Accumulator for any previous data
0560 93              306                      movc  a,@a+dptr         ;load the first character in accumulator
0561 6005            307                      jz    exit              ;go to exit if zero
0563 B14C            308                      acall lcd_senddata      ;send first char
0565 A3              309                      inc   dptr              ;increment data pointer
0566 80F7            310                      sjmp  LCD_sendstring_loop    ;jump back to send the next character
0568 D0E0            311     exit:    pop 0e0h
056A 22              312              ret                     ;End of routine
                     313     
                     314     ;------------- ROM text strings------------------------------------------------------------
                             ---
056B                 315     my_string1:
A51 MACRO ASSEMBLER  PAM_4                                                                02/17/2021 14:11:31 PAGE     6

056B 20204C65        316              DB   "  Level 1 ", 00H
056F 76656C20                
0573 312000                  
0576                 317     my_string2:
0576 20204C65        318              DB   "  Level 2 ", 00H
057A 76656C20                
057E 322000                  
0581                 319     my_string3:
0581 20204C65        320              DB   "  Level 3 ", 00H
0585 76656C20                
0589 332000                  
058C                 321     my_string4:
058C 20204C65        322              DB   "  Level 4 ", 00H         
0590 76656C20                
0594 342000                  
                     323     END
A51 MACRO ASSEMBLER  PAM_4                                                                02/17/2021 14:11:31 PAGE     7

SYMBOL TABLE LISTING
------ ----- -------


N A M E              T Y P E  V A L U E   ATTRIBUTES

COMPLEMENT_2. . . .  C ADDR   0200H   A   
DELAY . . . . . . .  C ADDR   0300H   A   
DISP. . . . . . . .  C ADDR   0400H   A   
EXIT. . . . . . . .  C ADDR   0568H   A   
H1. . . . . . . . .  C ADDR   012AH   A   
H2. . . . . . . . .  C ADDR   0132H   A   
H3. . . . . . . . .  C ADDR   014BH   A   
H4. . . . . . . . .  C ADDR   016AH   A   
H5. . . . . . . . .  C ADDR   0189H   A   
H6. . . . . . . . .  C ADDR   01A8H   A   
K . . . . . . . . .  C ADDR   0311H   A   
LCD_COMMAND . . . .  C ADDR   053DH   A   
LCD_DATA. . . . . .  D ADDR   00A0H   A   
LCD_EN. . . . . . .  B ADDR   0080H.2 A   
LCD_INIT. . . . . .  C ADDR   0500H   A   
LCD_RS. . . . . . .  B ADDR   0080H.0 A   
LCD_RW. . . . . . .  B ADDR   0080H.1 A   
LCD_SENDDATA. . . .  C ADDR   054CH   A   
LCD_SENDSTRING. . .  C ADDR   055DH   A   
LCD_SENDSTRING_LOOP  C ADDR   055FH   A   
LOOP. . . . . . . .  C ADDR   0309H   A   
MY_STRING1. . . . .  C ADDR   056BH   A   
MY_STRING2. . . . .  C ADDR   0576H   A   
MY_STRING3. . . . .  C ADDR   0581H   A   
MY_STRING4. . . . .  C ADDR   058CH   A   
P0. . . . . . . . .  D ADDR   0080H   A   
P2. . . . . . . . .  D ADDR   00A0H   A   
P3. . . . . . . . .  D ADDR   00B0H   A   
PAM . . . . . . . .  C ADDR   0136H   A   
START . . . . . . .  C ADDR   0100H   A   
TF0 . . . . . . . .  B ADDR   0088H.5 A   
TH0 . . . . . . . .  D ADDR   008CH   A   
TL0 . . . . . . . .  D ADDR   008AH   A   
TMOD. . . . . . . .  D ADDR   0089H   A   
TR0 . . . . . . . .  B ADDR   0088H.4 A   


REGISTER BANK(S) USED: 0 


ASSEMBLY COMPLETE.  0 WARNING(S), 0 ERROR(S)
