C51 COMPILER V9.60.0.0   TENNIS_SCOREBOARD                                                 04/08/2021 21:44:34 PAGE 1   


C51 COMPILER V9.60.0.0, COMPILATION OF MODULE TENNIS_SCOREBOARD
OBJECT MODULE PLACED IN .\Objects\Tennis_scoreboard.obj
COMPILER INVOKED BY: C:\Keil_v5\C51\BIN\C51.EXE Uart\Tennis_scoreboard.c OPTIMIZE(8,SPEED) BROWSE DEBUG OBJECTEXTEND PRI
                    -NT(.\Listings\Tennis_scoreboard.lst) TABS(2) OBJECT(.\Objects\Tennis_scoreboard.obj)

line level    source

   1          #include <at89c5131.h>
   2          #include <stdio.h>
   3          #include "lcd.h"    //Header file with LCD interfacing functions
   4          #include "serial.c" //C file with UART interfacing functions
   5          
   6          unsigned int s1 = 0;
   7          unsigned int s2 = 0;
   8          unsigned int g1 = 0;
   9          unsigned int g2 = 0;
  10          unsigned int p1 = 0;
  11          unsigned int p2 = 0;
  12          
  13          // Functions in this file
  14          void initialise_score(); 
  15          void game_update();
  16          unsigned int score_update()
  17          
  18          void initialise_score()
  19          {
*** ERROR C132 IN LINE 19 OF Uart\Tennis_scoreboard.c: 'initialise_score': not in formal parameter list
*** ERROR C141 IN LINE 19 OF Uart\Tennis_scoreboard.c: syntax error near '{', expected ';'
  20            p1 = 0;
*** ERROR C136 IN LINE 20 OF Uart\Tennis_scoreboard.c: 'p1': 'void' on variable
*** ERROR C279 IN LINE 20 OF Uart\Tennis_scoreboard.c: 'p1': multiple initialization
*** ERROR C244 IN LINE 20 OF Uart\Tennis_scoreboard.c: 'p1': can't initialize, bad type or class
*** ERROR C136 IN LINE 20 OF Uart\Tennis_scoreboard.c: 'p1': 'void' on variable
*** ERROR C132 IN LINE 20 OF Uart\Tennis_scoreboard.c: 'p1': not in formal parameter list
  21            p2 = 0;
*** ERROR C279 IN LINE 21 OF Uart\Tennis_scoreboard.c: 'p2': multiple initialization
*** ERROR C244 IN LINE 21 OF Uart\Tennis_scoreboard.c: 'p2': can't initialize, bad type or class
*** ERROR C132 IN LINE 21 OF Uart\Tennis_scoreboard.c: 'p2': not in formal parameter list
  22            g1 = 0;
*** ERROR C279 IN LINE 22 OF Uart\Tennis_scoreboard.c: 'g1': multiple initialization
*** ERROR C244 IN LINE 22 OF Uart\Tennis_scoreboard.c: 'g1': can't initialize, bad type or class
*** ERROR C132 IN LINE 22 OF Uart\Tennis_scoreboard.c: 'g1': not in formal parameter list
  23            g2 = 0;
*** ERROR C279 IN LINE 23 OF Uart\Tennis_scoreboard.c: 'g2': multiple initialization
*** ERROR C244 IN LINE 23 OF Uart\Tennis_scoreboard.c: 'g2': can't initialize, bad type or class
*** ERROR C132 IN LINE 23 OF Uart\Tennis_scoreboard.c: 'g2': not in formal parameter list
  24            s1 = 0;
*** ERROR C279 IN LINE 24 OF Uart\Tennis_scoreboard.c: 's1': multiple initialization
*** ERROR C244 IN LINE 24 OF Uart\Tennis_scoreboard.c: 's1': can't initialize, bad type or class
*** ERROR C132 IN LINE 24 OF Uart\Tennis_scoreboard.c: 's1': not in formal parameter list
  25            s2 = 0;
*** ERROR C279 IN LINE 25 OF Uart\Tennis_scoreboard.c: 's2': multiple initialization
*** ERROR C244 IN LINE 25 OF Uart\Tennis_scoreboard.c: 's2': can't initialize, bad type or class
*** ERROR C132 IN LINE 25 OF Uart\Tennis_scoreboard.c: 's2': not in formal parameter list
  26          }
*** ERROR C141 IN LINE 26 OF Uart\Tennis_scoreboard.c: syntax error near '}', expected 'hdata'
  27          
  28          void game_update()
  29          {
  30   1        unsigned char game1[1] , game2[1];
  31   1      
C51 COMPILER V9.60.0.0   TENNIS_SCOREBOARD                                                 04/08/2021 21:44:34 PAGE 2   

  32   1        sprintf(game1 , "%d" , g1);
  33   1        sprintf(game2 , "%d" , g2);
  34   1        
  35   1        
  36   1        if(s1+s2 == 0)
  37   1        {
  38   2          lcd_cmd(0x85);    
  39   2          lcd_write_string(game1);
  40   2          lcd_cmd(0x86);
  41   2          lcd_write_string("-");
  42   2          lcd_cmd(0x87);
  43   2          lcd_write_string(game2);    
  44   2        }
  45   1        if(s1+s2 == 1)
  46   1        {
  47   2          lcd_cmd(0x89);    
  48   2          lcd_write_string(game1);
  49   2          lcd_cmd(0x8A);
  50   2          lcd_write_string("-");
  51   2          lcd_cmd(0x8B);
  52   2          lcd_write_string(game2);    
  53   2        }
  54   1        if(s1+s2 == 2)
  55   1        {
  56   2          lcd_cmd(0x8D);    
  57   2          lcd_write_string(game1);
  58   2          lcd_cmd(0x8E);
  59   2          lcd_write_string("-");
  60   2          lcd_cmd(0x8F);
  61   2          lcd_write_string(game2);    
  62   2        } 
  63   1      }
  64          
  65          bit score_update()
  66          {
  67   1          bit game_done = 0;
  68   1          lcd_cmd(0xC7);
  69   1          if(p1>=4 || p2>=4)
  70   1          { 
  71   2            if(p1 == 4 && p2<=2)
  72   2            {
  73   3              g1++;
  74   3              lcd_write_string("00-00");
  75   3              game_update();
  76   3              game_done = 1;
  77   3            }
  78   2            
  79   2            if(p2 == 4 && p1<=2)
  80   2            {
  81   3              g2++;
  82   3              lcd_write_string("00-00");
  83   3              game_update();
  84   3              game_done = 1;
  85   3            }
  86   2            
  87   2            else
  88   2            {
  89   3              if(p1>p2)
  90   3              {
  91   4                if( p1 - p2 == 0)
  92   4                {
  93   5                  lcd_write_string("40-40");
C51 COMPILER V9.60.0.0   TENNIS_SCOREBOARD                                                 04/08/2021 21:44:34 PAGE 3   

  94   5                }
  95   4                if( p1 - p2 == 1)
  96   4                {
  97   5                  lcd_write_string("Ad-40");
  98   5                }
  99   4                if( p1 - p2 == 2)
 100   4                {
 101   5                  g1++;
 102   5                  lcd_write_string("00-00");
 103   5                  game_update();
 104   5                  game_done = 1;            
 105   5                }
 106   4              }
 107   3              else if(p2>p1)
 108   3              {
 109   4                if( p2 - p1 == 1)
 110   4                {
 111   5                  lcd_write_string("40-Ad");
 112   5                }
 113   4                if( p2 - p1 == 2)
 114   4                {
 115   5                  g2++;
 116   5                  lcd_write_string("00-00");
 117   5                  game_update();
 118   5                  game_done = 1;            
 119   5                }
 120   4              }
 121   3              else
 122   3              {
 123   4                lcd_write_string("40-40");
 124   4              }
 125   3              
 126   3            }
 127   2            
 128   2            
 129   2          }
 130   1          
 131   1          else
 132   1          {
 133   2            if(p1 == 0)
 134   2            {
 135   3              lcd_write_string("00");
 136   3            }
 137   2            if(p1 == 1)
 138   2            {
 139   3              lcd_write_string("15");
 140   3            }
 141   2            if(p1 == 2)
 142   2            {
 143   3              lcd_write_string("30");
 144   3            }
 145   2            if(p1 == 3)
 146   2            {
 147   3              lcd_write_string("40");
 148   3            }
 149   2            
 150   2            lcd_cmd(0xC9);
 151   2            lcd_write_string("-");
 152   2            lcd_cmd(0xCA);
 153   2            if(p2 == 0)
 154   2            {
 155   3              lcd_write_string("00");
C51 COMPILER V9.60.0.0   TENNIS_SCOREBOARD                                                 04/08/2021 21:44:34 PAGE 4   

 156   3            }
 157   2            if(p2 == 1)
 158   2            {
 159   3              lcd_write_string("15");
 160   3            }
 161   2            if(p2 == 2)
 162   2            {
 163   3              lcd_write_string("30");
 164   3            }
 165   2            if(p2 == 3)
 166   2            {
 167   3              lcd_write_string("40");
 168   3            }     
 169   2          } 
 170   1        
 171   1        return game_done;
 172   1      }
 173          
 174          
 175          void setbreaker()
 176          {
 177   1        unsigned int done = 0;    
 178   1        unsigned char ch=0;
 179   1        unsigned char point1[2], point2[2];
 180   1        while(!done)
 181   1        {
 182   2          //Receive a character
 183   2            ch = receive_char();
 184   2          
 185   2          //Decide which test function to run based on character sent
 186   2              //Displays the string on the terminal software
 187   2            switch(ch)
 188   2            {
 189   3              case '1': p1++;
 190   3                  break;
 191   3              
 192   3              case '2': p2++;
 193   3                   break;
 194   3                    
 195   3              default:transmit_string("Incorrect test. Pass correct number\r\n");
 196   3                   break;
 197   3              
 198   3            }
 199   2            
 200   2            sprintf(point1,"%02d",p1);
 201   2            sprintf(point2,"%02d",p2);
 202   2            
 203   2            lcd_cmd(0xC7);
 204   2            lcd_write_string(point1);
 205   2            lcd_cmd(0xC9);
 206   2            lcd_write_string("-");
 207   2            lcd_cmd(0xCA);
 208   2            lcd_write_string(point2);
 209   2            
 210   2            if(p1>=7 || p2>=7)
 211   2            {
 212   3              if(p1> p2)
 213   3              {
 214   4                if(p1 - p2 >=2)
 215   4                {
 216   5                  done = 1;
 217   5                  g1++;
C51 COMPILER V9.60.0.0   TENNIS_SCOREBOARD                                                 04/08/2021 21:44:34 PAGE 5   

 218   5                  game_update();
 219   5                  g1 = 0;
 220   5                  g2 = 0;
 221   5                  s1++;
 222   5                  game_update();
 223   5                }
 224   4              }
 225   3              
 226   3              if(p2> p1)
 227   3              {
 228   4                if(p2 - p1 >=2)
 229   4                {
 230   5                  done = 1;
 231   5                  g2++;
 232   5                  game_update();
 233   5                  g1 = 0;
 234   5                  g2 = 0;
 235   5                  s2++;
 236   5                  game_update();
 237   5                }
 238   4              } 
 239   3            }
 240   2        }
 241   1        
 242   1        p1 = 0;
 243   1        p2 = 0;
 244   1        
 245   1        score_update();
 246   1        game_update();
 247   1        
 248   1      }
 249          
 250          void set_update()
 251          {
 252   1            if(g1 >=6 || g2>=6)
 253   1              {
 254   2                if(g1==6 && g2<=4)
 255   2                {
 256   3                  g1 = 0;
 257   3                  g2 = 0;
 258   3                  s1++;
 259   3                }
 260   2                
 261   2                if(g2==6 && g1<=4)
 262   2                {
 263   3                  g1 = 0;
 264   3                  g2 = 0;
 265   3                  s2++;
 266   3                }
 267   2                
 268   2                if(g1 == 7)
 269   2                {
 270   3                  g1 = 0;
 271   3                  g2 = 0;
 272   3                  s1++;
 273   3                }
 274   2                
 275   2                
 276   2                if(g2 == 7)
 277   2                {
 278   3                  g1 = 0;
 279   3                  g2 = 0;
C51 COMPILER V9.60.0.0   TENNIS_SCOREBOARD                                                 04/08/2021 21:44:34 PAGE 6   

 280   3                  s2++;
 281   3                }
 282   2                
 283   2              
 284   2                if(s1 == 2)
 285   2                {
 286   3                  lcd_cmd(0x01);
 287   3                  lcd_cmd(0x81);
 288   3                  lcd_write_string("Player 1 Wins");
 289   3                  initialise_score();
 290   3                }
 291   2                
 292   2                
 293   2                else if(s2 == 2)
 294   2                {
 295   3                  lcd_cmd(0x01);
 296   3                  lcd_cmd(0x81);
 297   3                  lcd_write_string("Player 2 Wins");
 298   3                  initialise_score();
 299   3                }
 300   2                
 301   2                else
 302   2                {
 303   3                  game_update();
 304   3                }
 305   2                          
 306   2                if(g1 == 6 && g2 == 6)
 307   2                {
 308   3                  setbreaker();
 309   3                }       
 310   2              } 
 311   1      }
 312          
 313          
 314          //Main function
 315          void main(void)
 316          {
 317   1        unsigned char ch=0;
 318   1        bit game;
 319   1        initialise_score();
 320   1        
 321   1        //Call initialization functions
 322   1        lcd_init();
 323   1        uart_init();
 324   1        
 325   1        
 326   1        
 327   1        //These strings will be printed in terminal software
 328   1        transmit_string("************************\r\n");
 329   1        transmit_string("******TENNIS MATCH******\r\n");
 330   1        transmit_string("************************\r\n");
 331   1        transmit_string("Press 1 if Player 1 wins the point\r\n");
 332   1        transmit_string("Press 2 if Player 2 wins the point\r\n");
 333   1      
 334   1        
 335   1        while(1)
 336   1        {
 337   2          lcd_cmd(0x01);
 338   2          lcd_cmd(0x82);
 339   2          lcd_write_string("TENNIS MATCH");
 340   2          
 341   2          msdelay(500);
C51 COMPILER V9.60.0.0   TENNIS_SCOREBOARD                                                 04/08/2021 21:44:34 PAGE 7   

 342   2          lcd_cmd(0x01);
 343   2          lcd_cmd(0x80);
 344   2          lcd_write_string("GAME");
 345   2          lcd_cmd(0xC0);
 346   2          lcd_write_string("SCORE");
 347   2          
 348   2          game = score_update();
 349   2          game_update();
 350   2          
 351   2      
 352   2          while(s1 + s2 < 3)
 353   2          {   
 354   3              //Receive a character
 355   3              ch = receive_char();
 356   3            
 357   3              //Decide which test function to run based on character sent
 358   3              //Displays the string on the terminal software
 359   3              switch(ch)
 360   3              {
 361   4                case '1': p1++; 
 362   4                    break;
 363   4                
 364   4                case '2': p2++;
 365   4                    break;
 366   4                      
 367   4                default:transmit_string("Incorrect test. Pass correct number\r\n");
 368   4                    break;
 369   4                
 370   4              }
 371   3              
 372   3              
 373   3              game  = score_update();
 374   3              if(game == 1)
 375   3              {
 376   4                p1 = 0;
 377   4                p2 = 0;       
 378   4                set_update();
 379   4              }
 380   3          }
 381   2          
 382   2          msdelay(5000);
 383   2          
 384   2        }
 385   1      }

C51 COMPILATION COMPLETE.  0 WARNING(S),  23 ERROR(S)
